<?xml version="1.0" encoding="UTF-8"?>
<!-- Generated by org.testng.reporters.JUnitReportReporter -->
<testsuite hostname="LAPTOP-8HLVMP5T" name="testNGFramework.VerificationDemo" tests="4" failures="0" timestamp="14 Apr 2022 11:20:05 GMT" time="17.677" errors="0">
  <testcase name="d_textbox_verification" time="0.177" classname="testNGFramework.VerificationDemo"/>
  <testcase name="b_radiobutton_verification" time="0.771" classname="testNGFramework.VerificationDemo"/>
  <testcase name="a_pageLoad" time="16.501" classname="testNGFramework.VerificationDemo"/>
  <testcase name="c_checkbox_verification" time="0.228" classname="testNGFramework.VerificationDemo"/>
</testsuite> <!-- testNGFramework.VerificationDemo -->
