<?xml version="1.0" encoding="UTF-8"?>
<!-- Generated by org.testng.reporters.JUnitReportReporter -->
<testsuite hostname="LAPTOP-8HLVMP5T" name="testNGFramework.TakingScreenshotMultiple" tests="1" failures="0" timestamp="14 Apr 2022 12:49:46 GMT" time="11.429" errors="0">
  <testcase name="screenshot" time="11.429" classname="testNGFramework.TakingScreenshotMultiple"/>
</testsuite> <!-- testNGFramework.TakingScreenshotMultiple -->
