<?xml version="1.0" encoding="UTF-8"?>
<!-- Generated by org.testng.reporters.JUnitReportReporter -->
<testsuite hostname="LAPTOP-8HLVMP5T" name="testNGFramework.Annatationdemo" tests="1" failures="0" timestamp="19 Apr 2022 08:42:41 GMT" time="0.000" errors="0">
  <testcase name="f" time="0.000" classname="testNGFramework.Annatationdemo"/>
</testsuite> <!-- testNGFramework.Annatationdemo -->
