<?xml version="1.0" encoding="UTF-8"?>
<!-- Generated by org.testng.reporters.JUnitReportReporter -->
<testsuite hostname="LAPTOP-8HLVMP5T" name="testNGFramework.methodDependency" tests="4" failures="0" timestamp="12 Apr 2022 16:09:12 GMT" time="0.052" errors="0">
  <testcase name="f3" time="0.047" classname="testNGFramework.methodDependency"/>
  <testcase name="f4" time="0.002" classname="testNGFramework.methodDependency"/>
  <testcase name="f2" time="0.001" classname="testNGFramework.methodDependency"/>
  <testcase name="f1" time="0.002" classname="testNGFramework.methodDependency"/>
</testsuite> <!-- testNGFramework.methodDependency -->
