<?xml version="1.0" encoding="UTF-8"?>
<!-- Generated by org.testng.reporters.JUnitReportReporter -->
<testsuite hostname="LAPTOP-8HLVMP5T" name="testNGFramework.AssignmentPetstoreRegister" tests="4" failures="0" timestamp="26 Mar 2022 08:34:36 GMT" time="39.527" errors="0">
  <testcase name="userInfo" time="0.535" classname="testNGFramework.AssignmentPetstoreRegister"/>
  <testcase name="accountInfo" time="0.932" classname="testNGFramework.AssignmentPetstoreRegister"/>
  <testcase name="profileInfo" time="8.437" classname="testNGFramework.AssignmentPetstoreRegister"/>
  <testcase name="pageLoad" time="29.623" classname="testNGFramework.AssignmentPetstoreRegister"/>
</testsuite> <!-- testNGFramework.AssignmentPetstoreRegister -->
