<?xml version="1.0" encoding="UTF-8"?>
<!-- Generated by org.testng.reporters.JUnitReportReporter -->
<testsuite hostname="LAPTOP-8HLVMP5T" name="testNGFramework.SwagLabs" tests="2" failures="0" timestamp="29 Jun 2022 00:54:33 GMT" time="23.831" errors="0">
  <testcase name="a_pageLoad" time="13.818" classname="testNGFramework.SwagLabs"/>
  <testcase name="b_loginDetails" time="10.013" classname="testNGFramework.SwagLabs"/>
</testsuite> <!-- testNGFramework.SwagLabs -->
