<?xml version="1.0" encoding="UTF-8"?>
<!-- Generated by org.testng.reporters.JUnitReportReporter -->
<testsuite hostname="LAPTOP-8HLVMP5T" name="testNGFramework.disablingTestScripts" tests="3" failures="0" timestamp="12 Apr 2022 13:23:43 GMT" time="0.140" errors="0">
  <testcase name="f1" time="0.138" classname="testNGFramework.disablingTestScripts"/>
  <testcase name="f2" time="0.000" classname="testNGFramework.disablingTestScripts"/>
  <testcase name="f4" time="0.002" classname="testNGFramework.disablingTestScripts"/>
</testsuite> <!-- testNGFramework.disablingTestScripts -->
